This is pdfTeX, Version 3.14159265-2.6-1.40.18 (TeX Live 2017/Debian) (preloaded format=pdflatex 2019.12.2)  2 JAN 2020 15:50
entering extended mode
 \write18 enabled.
 %&-line parsing enabled.
**Variable_Scrutiny_Robotic_Coverage.tex
(./Variable_Scrutiny_Robotic_Coverage.tex
LaTeX2e <2017-04-15>
Babel <3.18> and hyphenation patterns for 84 language(s) loaded.
(/usr/share/texlive/texmf-dist/tex/latex/base/report.cls
Document Class: report 2014/09/29 v1.4h Standard LaTeX document class
(/usr/share/texlive/texmf-dist/tex/latex/base/leqno.clo
File: leqno.clo 2016/12/29 v1.2a Standard LaTeX option (left equation numbers)
)
(/usr/share/texlive/texmf-dist/tex/latex/base/size12.clo
File: size12.clo 2014/09/29 v1.4h Standard LaTeX file (size option)
)
\c@part=\count79
\c@chapter=\count80
\c@section=\count81
\c@subsection=\count82
\c@subsubsection=\count83
\c@paragraph=\count84
\c@subparagraph=\count85
\c@figure=\count86
\c@table=\count87
\abovecaptionskip=\skip41
\belowcaptionskip=\skip42
\bibindent=\dimen102
) (./Settings.tex
(/usr/share/texlive/texmf-dist/tex/latex/geometry/geometry.sty
Package: geometry 2010/09/12 v5.6 Page Geometry

(/usr/share/texlive/texmf-dist/tex/latex/graphics/keyval.sty
Package: keyval 2014/10/28 v1.15 key=value parser (DPC)
\KV@toks@=\toks14
)
(/usr/share/texlive/texmf-dist/tex/generic/oberdiek/ifpdf.sty
Package: ifpdf 2017/03/15 v3.2 Provides the ifpdf switch
)
(/usr/share/texlive/texmf-dist/tex/generic/oberdiek/ifvtex.sty
Package: ifvtex 2016/05/16 v1.6 Detect VTeX and its facilities (HO)
Package ifvtex Info: VTeX not detected.
)
(/usr/share/texlive/texmf-dist/tex/generic/ifxetex/ifxetex.sty
Package: ifxetex 2010/09/12 v0.6 Provides ifxetex conditional
)
\Gm@cnth=\count88
\Gm@cntv=\count89
\c@Gm@tempcnt=\count90
\Gm@bindingoffset=\dimen103
\Gm@wd@mp=\dimen104
\Gm@odd@mp=\dimen105
\Gm@even@mp=\dimen106
\Gm@layoutwidth=\dimen107
\Gm@layoutheight=\dimen108
\Gm@layouthoffset=\dimen109
\Gm@layoutvoffset=\dimen110
\Gm@dimlist=\toks15
)
(/usr/share/texlive/texmf-dist/tex/latex/setspace/setspace.sty
Package: setspace 2011/12/19 v6.7a set line spacing
)
(/usr/share/texlive/texmf-dist/tex/latex/datetime/datetime.sty
Package: datetime 2015/03/20 v2.60 Date Time Package

(/usr/share/texlive/texmf-dist/tex/latex/etoolbox/etoolbox.sty
Package: etoolbox 2018/02/11 v2.5e e-TeX tools for LaTeX (JAW)
\etb@tempcnta=\count91
)
(/usr/share/texlive/texmf-dist/tex/latex/fmtcount/fmtcount.sty
Package: fmtcount 2017/12/24 v3.05

(/usr/share/texlive/texmf-dist/tex/latex/base/ifthen.sty
Package: ifthen 2014/09/29 v1.1c Standard LaTeX ifthen package (DPC)
)
(/usr/share/texlive/texmf-dist/tex/latex/xkeyval/xkeyval.sty
Package: xkeyval 2014/12/03 v2.7a package option processing (HA)

(/usr/share/texlive/texmf-dist/tex/generic/xkeyval/xkeyval.tex
(/usr/share/texlive/texmf-dist/tex/generic/xkeyval/xkvutils.tex
\XKV@toks=\toks16
\XKV@tempa@toks=\toks17
)
\XKV@depth=\count92
File: xkeyval.tex 2014/12/03 v2.7a key=value parser (HA)
))
(/usr/share/texlive/texmf-dist/tex/latex/fmtcount/fcprefix.sty
Package: fcprefix 2012/09/28

(/usr/share/texlive/texmf-dist/tex/latex/fmtcount/fcnumparser.sty
Package: fcnumparser 2017/06/15
\fc@digit@counter=\count93
))
(/usr/share/texlive/texmf-dist/tex/latex/amsmath/amsgen.sty
File: amsgen.sty 1999/11/30 v2.0 generic functions
\@emptytoks=\toks18
\ex@=\dimen111
)
\c@padzeroesN=\count94
\fc@tmpcatcode=\count95
\@DT@modctr=\count96
\@ordinalctr=\count97
\@orgargctr=\count98
\@strctr=\count99
\@tmpstrctr=\count100
\@DT@loopN=\count101
\@DT@X=\count102
)
(/usr/share/texlive/texmf-dist/tex/latex/datetime/datetime-defaults.sty
Package: datetime-defaults 2013/09/10
)
\@day=\count103
\@month=\count104
\@year=\count105
\c@HOUR=\count106
\c@HOURXII=\count107
\c@MINUTE=\count108
\c@TOHOUR=\count109
\c@TOMINUTE=\count110
\c@SECOND=\count111
\currenthour=\count112
\currentminute=\count113
\currentsecond=\count114
Package datetime Info: No datetime.cfg file found, using default settings on in
put line 308.
\@dtctr=\count115
\dayofyear=\count116
\dayofweek=\count117
LaTeX Info: Redefining \today on input line 736.
\dt@a=\toks19
\dt@b=\toks20
)
(/usr/share/texlive/texmf-dist/tex/latex/psnfss/mathptmx.sty
Package: mathptmx 2005/04/12 PSNFSS-v9.2a Times w/ Math, improved (SPQR, WaS) 
LaTeX Font Info:    Redeclaring symbol font `operators' on input line 28.
LaTeX Font Info:    Overwriting symbol font `operators' in version `normal'
(Font)                  OT1/cmr/m/n --> OT1/ztmcm/m/n on input line 28.
LaTeX Font Info:    Overwriting symbol font `operators' in version `bold'
(Font)                  OT1/cmr/bx/n --> OT1/ztmcm/m/n on input line 28.
LaTeX Font Info:    Redeclaring symbol font `letters' on input line 29.
LaTeX Font Info:    Overwriting symbol font `letters' in version `normal'
(Font)                  OML/cmm/m/it --> OML/ztmcm/m/it on input line 29.
LaTeX Font Info:    Overwriting symbol font `letters' in version `bold'
(Font)                  OML/cmm/b/it --> OML/ztmcm/m/it on input line 29.
LaTeX Font Info:    Redeclaring symbol font `symbols' on input line 30.
LaTeX Font Info:    Overwriting symbol font `symbols' in version `normal'
(Font)                  OMS/cmsy/m/n --> OMS/ztmcm/m/n on input line 30.
LaTeX Font Info:    Overwriting symbol font `symbols' in version `bold'
(Font)                  OMS/cmsy/b/n --> OMS/ztmcm/m/n on input line 30.
LaTeX Font Info:    Redeclaring symbol font `largesymbols' on input line 31.
LaTeX Font Info:    Overwriting symbol font `largesymbols' in version `normal'
(Font)                  OMX/cmex/m/n --> OMX/ztmcm/m/n on input line 31.
LaTeX Font Info:    Overwriting symbol font `largesymbols' in version `bold'
(Font)                  OMX/cmex/m/n --> OMX/ztmcm/m/n on input line 31.
\symbold=\mathgroup4
\symitalic=\mathgroup5
LaTeX Font Info:    Redeclaring math alphabet \mathbf on input line 34.
LaTeX Font Info:    Overwriting math alphabet `\mathbf' in version `normal'
(Font)                  OT1/cmr/bx/n --> OT1/ptm/bx/n on input line 34.
LaTeX Font Info:    Overwriting math alphabet `\mathbf' in version `bold'
(Font)                  OT1/cmr/bx/n --> OT1/ptm/bx/n on input line 34.
LaTeX Font Info:    Redeclaring math alphabet \mathit on input line 35.
LaTeX Font Info:    Overwriting math alphabet `\mathit' in version `normal'
(Font)                  OT1/cmr/m/it --> OT1/ptm/m/it on input line 35.
LaTeX Font Info:    Overwriting math alphabet `\mathit' in version `bold'
(Font)                  OT1/cmr/bx/it --> OT1/ptm/m/it on input line 35.
LaTeX Info: Redefining \hbar on input line 50.
)
(/usr/share/texlive/texmf-dist/tex/latex/amsmath/amsmath.sty
Package: amsmath 2017/09/02 v2.17a AMS math features
\@mathmargin=\skip43

For additional information on amsmath, use the `?' option.
(/usr/share/texlive/texmf-dist/tex/latex/amsmath/amstext.sty
Package: amstext 2000/06/29 v2.01 AMS text
)
(/usr/share/texlive/texmf-dist/tex/latex/amsmath/amsbsy.sty
Package: amsbsy 1999/11/29 v1.2d Bold Symbols
\pmbraise@=\dimen112
)
(/usr/share/texlive/texmf-dist/tex/latex/amsmath/amsopn.sty
Package: amsopn 2016/03/08 v2.02 operator names
)
\inf@bad=\count118
LaTeX Info: Redefining \frac on input line 213.
\uproot@=\count119
\leftroot@=\count120
LaTeX Info: Redefining \overline on input line 375.
\classnum@=\count121
\DOTSCASE@=\count122
LaTeX Info: Redefining \ldots on input line 472.
LaTeX Info: Redefining \dots on input line 475.
LaTeX Info: Redefining \cdots on input line 596.
\Mathstrutbox@=\box26
\strutbox@=\box27
\big@size=\dimen113
LaTeX Font Info:    Redeclaring font encoding OML on input line 712.
LaTeX Font Info:    Redeclaring font encoding OMS on input line 713.
\macc@depth=\count123
\c@MaxMatrixCols=\count124
\dotsspace@=\muskip10
\c@parentequation=\count125
\dspbrk@lvl=\count126
\tag@help=\toks21
\row@=\count127
\column@=\count128
\maxfields@=\count129
\andhelp@=\toks22
\eqnshift@=\dimen114
\alignsep@=\dimen115
\tagshift@=\dimen116
\tagwidth@=\dimen117
\totwidth@=\dimen118
\lineht@=\dimen119
\@envbody=\toks23
\multlinegap=\skip44
\multlinetaggap=\skip45
\mathdisplay@stack=\toks24
LaTeX Info: Redefining \[ on input line 2817.
LaTeX Info: Redefining \] on input line 2818.
)
(/usr/share/texlive/texmf-dist/tex/latex/listings/listings.sty
\lst@mode=\count130
\lst@gtempboxa=\box28
\lst@token=\toks25
\lst@length=\count131
\lst@currlwidth=\dimen120
\lst@column=\count132
\lst@pos=\count133
\lst@lostspace=\dimen121
\lst@width=\dimen122
\lst@newlines=\count134
\lst@lineno=\count135
\lst@maxwidth=\dimen123

(/usr/share/texlive/texmf-dist/tex/latex/listings/lstmisc.sty
File: lstmisc.sty 2015/06/04 1.6 (Carsten Heinz)
\c@lstnumber=\count136
\lst@skipnumbers=\count137
\lst@framebox=\box29
)
(/usr/share/texlive/texmf-dist/tex/latex/listings/listings.cfg
File: listings.cfg 2015/06/04 1.6 listings configuration
))
Package: listings 2015/06/04 1.6 (Carsten Heinz)

(/usr/share/texlive/texmf-dist/tex/latex/minted/minted.sty
Package: minted 2017/07/19 v2.5 Yet another Pygments shim for LaTeX

(/usr/share/texlive/texmf-dist/tex/latex/oberdiek/kvoptions.sty
Package: kvoptions 2016/05/16 v3.12 Key value format for package options (HO)

(/usr/share/texlive/texmf-dist/tex/generic/oberdiek/ltxcmds.sty
Package: ltxcmds 2016/05/16 v1.23 LaTeX kernel commands for general use (HO)
)
(/usr/share/texlive/texmf-dist/tex/generic/oberdiek/kvsetkeys.sty
Package: kvsetkeys 2016/05/16 v1.17 Key value parser (HO)

(/usr/share/texlive/texmf-dist/tex/generic/oberdiek/infwarerr.sty
Package: infwarerr 2016/05/16 v1.4 Providing info/warning/error messages (HO)
)
(/usr/share/texlive/texmf-dist/tex/generic/oberdiek/etexcmds.sty
Package: etexcmds 2016/05/16 v1.6 Avoid name clashes with e-TeX commands (HO)

(/usr/share/texlive/texmf-dist/tex/generic/oberdiek/ifluatex.sty
Package: ifluatex 2016/05/16 v1.4 Provides the ifluatex switch (HO)
Package ifluatex Info: LuaTeX not detected.
)
Package etexcmds Info: Could not find \expanded.
(etexcmds)             That can mean that you are not using pdfTeX 1.50 or
(etexcmds)             that some package has redefined \expanded.
(etexcmds)             In the latter case, load this package earlier.
)))
(/usr/share/texlive/texmf-dist/tex/latex/fvextra/fvextra.sty
Package: fvextra 2017/07/08 v1.3.1 fvextra - extensions and patches for fancyvr
b

(/usr/share/texlive/texmf-dist/tex/latex/fancyvrb/fancyvrb.sty
Package: fancyvrb 2008/02/07

Style option: `fancyvrb' v2.7a, with DG/SPQR fixes, and firstline=lastline fix 
<2008/02/07> (tvz)
\FV@CodeLineNo=\count138
\FV@InFile=\read1
\FV@TabBox=\box30
\c@FancyVerbLine=\count139
\FV@StepNumber=\count140
\FV@OutFile=\write3
)
(/usr/share/texlive/texmf-dist/tex/latex/upquote/upquote.sty
Package: upquote 2012/04/19 v1.3 upright-quote and grave-accent glyphs in verba
tim
)
(/usr/share/texlive/texmf-dist/tex/latex/lineno/lineno.sty
Package: lineno 2005/11/02 line numbers on paragraphs v4.41
\linenopenalty=\count141
\output=\toks26
\linenoprevgraf=\count142
\linenumbersep=\dimen124
\linenumberwidth=\dimen125
\c@linenumber=\count143
\c@pagewiselinenumber=\count144
\c@LN@truepage=\count145
\c@internallinenumber=\count146
\c@internallinenumbers=\count147
\quotelinenumbersep=\dimen126
\bframerule=\dimen127
\bframesep=\dimen128
\bframebox=\box31
LaTeX Info: Redefining \\ on input line 3056.
)
\c@FV@TrueTabGroupLevel=\count148
\c@FV@TrueTabCounter=\count149
\FV@TabBox@Group=\box32
\FV@TmpLength=\skip46
\c@FV@HighlightLinesStart=\count150
\c@FV@HighlightLinesStop=\count151
\FV@LoopCount=\count152
\FV@NCharsBox=\box33
\FV@BreakIndent=\dimen129
\FV@BreakIndentNChars=\count153
\FV@BreakSymbolSepLeft=\dimen130
\FV@BreakSymbolSepLeftNChars=\count154
\FV@BreakSymbolSepRight=\dimen131
\FV@BreakSymbolSepRightNChars=\count155
\FV@BreakSymbolIndentLeft=\dimen132
\FV@BreakSymbolIndentLeftNChars=\count156
\FV@BreakSymbolIndentRight=\dimen133
\FV@BreakSymbolIndentRightNChars=\count157
\c@FancyVerbLineBreakLast=\count158
\FV@LineBox=\box34
\FV@LineIndentBox=\box35
)
(/usr/share/texlive/texmf-dist/tex/latex/tools/calc.sty
Package: calc 2014/10/28 v4.3 Infix arithmetic (KKT,FJ)
\calc@Acount=\count159
\calc@Bcount=\count160
\calc@Adimen=\dimen134
\calc@Bdimen=\dimen135
\calc@Askip=\skip47
\calc@Bskip=\skip48
LaTeX Info: Redefining \setlength on input line 80.
LaTeX Info: Redefining \addtolength on input line 81.
\calc@Ccount=\count161
\calc@Cskip=\skip49
)
(/usr/share/texlive/texmf-dist/tex/latex/tools/shellesc.sty
Package: shellesc 2016/06/07 v0.02a unified shell escape interface for LaTeX
Package shellesc Info: Unrestricted shell escape enabled on input line 67.
)
(/usr/share/texlive/texmf-dist/tex/latex/ifplatform/ifplatform.sty
Package: ifplatform 2017/10/13 v0.4a Testing for the operating system

(/usr/share/texlive/texmf-dist/tex/generic/oberdiek/pdftexcmds.sty
Package: pdftexcmds 2018/01/21 v0.26 Utility functions of pdfTeX for LuaTeX (HO
)
Package pdftexcmds Info: LuaTeX not detected.
Package pdftexcmds Info: \pdf@primitive is available.
Package pdftexcmds Info: \pdf@ifprimitive is available.
Package pdftexcmds Info: \pdfdraftmode found.
)
(/usr/share/texlive/texmf-dist/tex/generic/oberdiek/catchfile.sty
Package: catchfile 2016/05/16 v1.7 Catch the contents of a file (HO)
)
runsystem(uname -s > "Variable_Scrutiny_Robotic_Coverage.w18")...executed.


(./Variable_Scrutiny_Robotic_Coverage.w18)
runsystem(rm -- "Variable_Scrutiny_Robotic_Coverage.w18")...executed.

)
(/usr/share/texlive/texmf-dist/tex/generic/xstring/xstring.sty
(/usr/share/texlive/texmf-dist/tex/generic/xstring/xstring.tex
\@xs@message=\write4
\integerpart=\count162
\decimalpart=\count163
)
Package: xstring 2013/10/13  v1.7c  String manipulations (C Tellechea)
)
(/usr/share/texlive/texmf-dist/tex/latex/framed/framed.sty
Package: framed 2011/10/22 v 0.96: framed or shaded text with page breaks
\OuterFrameSep=\skip50
\fb@frw=\dimen136
\fb@frh=\dimen137
\FrameRule=\dimen138
\FrameSep=\dimen139
)
(/usr/share/texlive/texmf-dist/tex/latex/float/float.sty
Package: float 2001/11/08 v1.3d Float enhancements (AL)
\c@float@type=\count164
\float@exts=\toks27
\float@box=\box36
\@float@everytoks=\toks28
\@floatcapt=\box37
)
\minted@appexistsfile=\read2
\minted@bgbox=\box38
\minted@code=\write5
\c@minted@FancyVerbLineTemp=\count165
\c@minted@pygmentizecounter=\count166
\@float@every@listing=\toks29
\c@listing=\count167
)
runsystem(mkdir -p _minted-Variable_Scrutiny_Robotic_Coverage)...executed.


(/usr/share/texlive/texmf-dist/tex/latex/graphics/graphicx.sty
Package: graphicx 2017/06/01 v1.1a Enhanced LaTeX Graphics (DPC,SPQR)

(/usr/share/texlive/texmf-dist/tex/latex/graphics/graphics.sty
Package: graphics 2017/06/25 v1.2c Standard LaTeX Graphics (DPC,SPQR)

(/usr/share/texlive/texmf-dist/tex/latex/graphics/trig.sty
Package: trig 2016/01/03 v1.10 sin cos tan (DPC)
)
(/usr/share/texlive/texmf-dist/tex/latex/graphics-cfg/graphics.cfg
File: graphics.cfg 2016/06/04 v1.11 sample graphics configuration
)
Package graphics Info: Driver file: pdftex.def on input line 99.

(/usr/share/texlive/texmf-dist/tex/latex/graphics-def/pdftex.def
File: pdftex.def 2018/01/08 v1.0l Graphics/color driver for pdftex
))
\Gin@req@height=\dimen140
\Gin@req@width=\dimen141
)
(/usr/share/texlive/texmf-dist/tex/latex/algorithmicx/algpseudocode.sty
Package: algpseudocode 

(/usr/share/texlive/texmf-dist/tex/latex/algorithmicx/algorithmicx.sty
Package: algorithmicx 2005/04/27 v1.2 Algorithmicx

Document Style algorithmicx 1.2 - a greatly improved `algorithmic' style
\c@ALG@line=\count168
\c@ALG@rem=\count169
\c@ALG@nested=\count170
\ALG@tlm=\skip51
\ALG@thistlm=\skip52
\c@ALG@Lnr=\count171
\c@ALG@blocknr=\count172
\c@ALG@storecount=\count173
\c@ALG@tmpcounter=\count174
\ALG@tmplength=\skip53
)
Document Style - pseudocode environments for use with the `algorithmicx' style
)
LaTeX Font Info:    Try loading font information for OT1+ptm on input line 21.
 (/usr/share/texlive/texmf-dist/tex/latex/psnfss/ot1ptm.fd
File: ot1ptm.fd 2001/06/04 font definitions for OT1/ptm.
)
(/usr/share/texlive/texmf-dist/tex/latex/caption/caption.sty
Package: caption 2016/02/21 v3.3-144 Customizing captions (AR)

(/usr/share/texlive/texmf-dist/tex/latex/caption/caption3.sty
Package: caption3 2016/05/22 v1.7-166 caption3 kernel (AR)
Package caption3 Info: TeX engine: e-TeX on input line 67.
\captionmargin=\dimen142
\captionmargin@=\dimen143
\captionwidth=\dimen144
\caption@tempdima=\dimen145
\caption@indent=\dimen146
\caption@parindent=\dimen147
\caption@hangindent=\dimen148
)
\c@ContinuedFloat=\count175
Package caption Info: float package is loaded.
Package caption Info: listings package is loaded.
)
(/usr/share/texlive/texmf-dist/tex/latex/caption/subcaption.sty
Package: subcaption 2016/05/22 v1.1-161 Sub-captions (AR)
\c@subfigure=\count176
\c@subtable=\count177
)
(/usr/share/texlive/texmf-dist/tex/latex/hyperref/hyperref.sty
Package: hyperref 2018/02/06 v6.86b Hypertext links for LaTeX

(/usr/share/texlive/texmf-dist/tex/generic/oberdiek/hobsub-hyperref.sty
Package: hobsub-hyperref 2016/05/16 v1.14 Bundle oberdiek, subset hyperref (HO)


(/usr/share/texlive/texmf-dist/tex/generic/oberdiek/hobsub-generic.sty
Package: hobsub-generic 2016/05/16 v1.14 Bundle oberdiek, subset generic (HO)
Package: hobsub 2016/05/16 v1.14 Construct package bundles (HO)
Package hobsub Info: Skipping package `infwarerr' (already loaded).
Package hobsub Info: Skipping package `ltxcmds' (already loaded).
Package hobsub Info: Skipping package `ifluatex' (already loaded).
Package hobsub Info: Skipping package `ifvtex' (already loaded).
Package: intcalc 2016/05/16 v1.2 Expandable calculations with integers (HO)
Package hobsub Info: Skipping package `ifpdf' (already loaded).
Package hobsub Info: Skipping package `etexcmds' (already loaded).
Package hobsub Info: Skipping package `kvsetkeys' (already loaded).
Package: kvdefinekeys 2016/05/16 v1.4 Define keys (HO)
Package hobsub Info: Skipping package `pdftexcmds' (already loaded).
Package: pdfescape 2016/05/16 v1.14 Implements pdfTeX's escape features (HO)
Package: bigintcalc 2016/05/16 v1.4 Expandable calculations on big integers (HO
)
Package: bitset 2016/05/16 v1.2 Handle bit-vector datatype (HO)
Package: uniquecounter 2016/05/16 v1.3 Provide unlimited unique counter (HO)
)
Package hobsub Info: Skipping package `hobsub' (already loaded).
Package: letltxmacro 2016/05/16 v1.5 Let assignment for LaTeX macros (HO)
Package: hopatch 2016/05/16 v1.3 Wrapper for package hooks (HO)
Package: xcolor-patch 2016/05/16 xcolor patch
Package: atveryend 2016/05/16 v1.9 Hooks at the very end of document (HO)
Package: atbegshi 2016/06/09 v1.18 At begin shipout hook (HO)
Package: refcount 2016/05/16 v3.5 Data extraction from label references (HO)
Package: hycolor 2016/05/16 v1.8 Color options for hyperref/bookmark (HO)
)
(/usr/share/texlive/texmf-dist/tex/latex/oberdiek/auxhook.sty
Package: auxhook 2016/05/16 v1.4 Hooks for auxiliary files (HO)
)
\@linkdim=\dimen149
\Hy@linkcounter=\count178
\Hy@pagecounter=\count179

(/usr/share/texlive/texmf-dist/tex/latex/hyperref/pd1enc.def
File: pd1enc.def 2018/02/06 v6.86b Hyperref: PDFDocEncoding definition (HO)
)
\Hy@SavedSpaceFactor=\count180

(/usr/share/texlive/texmf-dist/tex/latex/latexconfig/hyperref.cfg
File: hyperref.cfg 2002/06/06 v1.2 hyperref configuration of TeXLive
)
Package hyperref Info: Hyper figures OFF on input line 4509.
Package hyperref Info: Link nesting OFF on input line 4514.
Package hyperref Info: Hyper index ON on input line 4517.
Package hyperref Info: Plain pages OFF on input line 4524.
Package hyperref Info: Backreferencing OFF on input line 4529.
Package hyperref Info: Implicit mode ON; LaTeX internals redefined.
Package hyperref Info: Bookmarks ON on input line 4762.
\c@Hy@tempcnt=\count181

(/usr/share/texlive/texmf-dist/tex/latex/url/url.sty
\Urlmuskip=\muskip11
Package: url 2013/09/16  ver 3.4  Verb mode for urls, etc.
)
LaTeX Info: Redefining \url on input line 5115.
\XeTeXLinkMargin=\dimen150
\Fld@menulength=\count182
\Field@Width=\dimen151
\Fld@charsize=\dimen152
Package hyperref Info: Hyper figures OFF on input line 6369.
Package hyperref Info: Link nesting OFF on input line 6374.
Package hyperref Info: Hyper index ON on input line 6377.
Package hyperref Info: backreferencing OFF on input line 6384.
Package hyperref Info: Link coloring OFF on input line 6389.
Package hyperref Info: Link coloring with OCG OFF on input line 6394.
Package hyperref Info: PDF/A mode OFF on input line 6399.
LaTeX Info: Redefining \ref on input line 6439.
LaTeX Info: Redefining \pageref on input line 6443.
\Hy@abspage=\count183
\c@Item=\count184
\c@Hfootnote=\count185
)
Package hyperref Info: Driver (autodetected): hpdftex.

(/usr/share/texlive/texmf-dist/tex/latex/hyperref/hpdftex.def
File: hpdftex.def 2018/02/06 v6.86b Hyperref driver for pdfTeX
\Fld@listcount=\count186
\c@bookmark@seq@number=\count187

(/usr/share/texlive/texmf-dist/tex/latex/oberdiek/rerunfilecheck.sty
Package: rerunfilecheck 2016/05/16 v1.8 Rerun checks for auxiliary files (HO)
Package uniquecounter Info: New unique counter `rerunfilecheck' on input line 2
82.
)
\Hy@SectionHShift=\skip54
)
Package hyperref Info: Option `colorlinks' set `true' on input line 42.

(/usr/share/texlive/texmf-dist/tex/latex/biblatex/biblatex.sty
Package: biblatex 2017/12/19 v3.10 programmable bibliographies (PK/JW/AB)

(/usr/share/texlive/texmf-dist/tex/latex/logreq/logreq.sty
Package: logreq 2010/08/04 v1.0 xml request logger
\lrq@indent=\count188

(/usr/share/texlive/texmf-dist/tex/latex/logreq/logreq.def
File: logreq.def 2010/08/04 v1.0 logreq spec v1.0
))
\c@tabx@nest=\count189
\c@listtotal=\count190
\c@listcount=\count191
\c@liststart=\count192
\c@liststop=\count193
\c@citecount=\count194
\c@citetotal=\count195
\c@multicitecount=\count196
\c@multicitetotal=\count197
\c@instcount=\count198
\c@maxnames=\count199
\c@minnames=\count266
\c@maxitems=\count267
\c@minitems=\count268
\c@citecounter=\count269
\c@savedcitecounter=\count270
\c@uniquelist=\count271
\c@uniquename=\count272
\c@refsection=\count273
\c@refsegment=\count274
\c@maxextratitle=\count275
\c@maxextratitleyear=\count276
\c@maxextradate=\count277
\c@maxextraalpha=\count278
\c@abbrvpenalty=\count279
\c@highnamepenalty=\count280
\c@lownamepenalty=\count281
\c@maxparens=\count282
\c@parenlevel=\count283
\blx@tempcnta=\count284
\blx@tempcntb=\count285
\blx@tempcntc=\count286
\blx@maxsection=\count287
\blx@maxsegment@0=\count288
\blx@notetype=\count289
\blx@parenlevel@text=\count290
\blx@parenlevel@foot=\count291
\blx@sectionciteorder@0=\count292
\labelnumberwidth=\skip55
\labelalphawidth=\skip56
\biblabelsep=\skip57
\bibitemsep=\skip58
\bibnamesep=\skip59
\bibinitsep=\skip60
\bibparsep=\skip61
\bibhang=\skip62
\blx@bcfin=\read3
\blx@bcfout=\write6
\c@mincomprange=\count293
\c@maxcomprange=\count294
\c@mincompwidth=\count295
Package biblatex Info: Trying to load biblatex default data model...
Package biblatex Info: ... file 'blx-dm.def' found.

(/usr/share/texlive/texmf-dist/tex/latex/biblatex/blx-dm.def)
Package biblatex Info: Trying to load biblatex style data model...
Package biblatex Info: ... file 'numeric.dbx' not found.
Package biblatex Info: Trying to load biblatex custom data model...
Package biblatex Info: ... file 'biblatex-dm.cfg' not found.
\c@afterword=\count296
\c@savedafterword=\count297
\c@annotator=\count298
\c@savedannotator=\count299
\c@author=\count300
\c@savedauthor=\count301
\c@bookauthor=\count302
\c@savedbookauthor=\count303
\c@commentator=\count304
\c@savedcommentator=\count305
\c@editor=\count306
\c@savededitor=\count307
\c@editora=\count308
\c@savededitora=\count309
\c@editorb=\count310
\c@savededitorb=\count311
\c@editorc=\count312
\c@savededitorc=\count313
\c@foreword=\count314
\c@savedforeword=\count315
\c@holder=\count316
\c@savedholder=\count317
\c@introduction=\count318
\c@savedintroduction=\count319
\c@namea=\count320
\c@savednamea=\count321
\c@nameb=\count322
\c@savednameb=\count323
\c@namec=\count324
\c@savednamec=\count325
\c@translator=\count326
\c@savedtranslator=\count327
\c@shortauthor=\count328
\c@savedshortauthor=\count329
\c@shorteditor=\count330
\c@savedshorteditor=\count331
\c@labelname=\count332
\c@savedlabelname=\count333
\c@institution=\count334
\c@savedinstitution=\count335
\c@lista=\count336
\c@savedlista=\count337
\c@listb=\count338
\c@savedlistb=\count339
\c@listc=\count340
\c@savedlistc=\count341
\c@listd=\count342
\c@savedlistd=\count343
\c@liste=\count344
\c@savedliste=\count345
\c@listf=\count346
\c@savedlistf=\count347
\c@location=\count348
\c@savedlocation=\count349
\c@organization=\count350
\c@savedorganization=\count351
\c@origlocation=\count352
\c@savedoriglocation=\count353
\c@origpublisher=\count354
\c@savedorigpublisher=\count355
\c@publisher=\count356
\c@savedpublisher=\count357
\c@language=\count358
\c@savedlanguage=\count359
\c@origlanguage=\count360
\c@savedoriglanguage=\count361
\c@pageref=\count362
\c@savedpageref=\count363
\shorthandwidth=\skip63
\shortjournalwidth=\skip64
\shortserieswidth=\skip65
\shorttitlewidth=\skip66
\shortauthorwidth=\skip67
\shorteditorwidth=\skip68
Package biblatex Info: Trying to load compatibility code...
Package biblatex Info: ... file 'blx-compat.def' found.

(/usr/share/texlive/texmf-dist/tex/latex/biblatex/blx-compat.def
File: blx-compat.def 2017/12/19 v3.10 biblatex compatibility (PK/JW/AB)
)
Package biblatex Info: Trying to load generic definitions...
Package biblatex Info: ... file 'biblatex.def' found.

(/usr/share/texlive/texmf-dist/tex/latex/biblatex/biblatex.def
File: biblatex.def 2017/12/19 v3.10 biblatex compatibility (PK/JW/AB)
\c@textcitecount=\count364
\c@textcitetotal=\count365
\c@textcitemaxnames=\count366
\c@biburlnumpenalty=\count367
\c@biburlucpenalty=\count368
\c@biburllcpenalty=\count369
\c@smartand=\count370
)
Package biblatex Info: Trying to load bibliography style 'numeric'...
Package biblatex Info: ... file 'numeric.bbx' found.

(/usr/share/texlive/texmf-dist/tex/latex/biblatex/bbx/numeric.bbx
File: numeric.bbx 2017/12/19 v3.10 biblatex bibliography style (PK/JW/AB)
Package biblatex Info: Trying to load bibliography style 'standard'...
Package biblatex Info: ... file 'standard.bbx' found.

(/usr/share/texlive/texmf-dist/tex/latex/biblatex/bbx/standard.bbx
File: standard.bbx 2017/12/19 v3.10 biblatex bibliography style (PK/JW/AB)
\c@bbx:relatedcount=\count371
\c@bbx:relatedtotal=\count372
))
Package biblatex Info: Trying to load citation style 'numeric'...
Package biblatex Info: ... file 'numeric.cbx' found.

(/usr/share/texlive/texmf-dist/tex/latex/biblatex/cbx/numeric.cbx
File: numeric.cbx 2017/12/19 v3.10 biblatex citation style (PK/JW/AB)
Package biblatex Info: Redefining '\cite'.
Package biblatex Info: Redefining '\parencite'.
Package biblatex Info: Redefining '\footcite'.
Package biblatex Info: Redefining '\footcitetext'.
Package biblatex Info: Redefining '\smartcite'.
Package biblatex Info: Redefining '\supercite'.
Package biblatex Info: Redefining '\textcite'.
Package biblatex Info: Redefining '\textcites'.
Package biblatex Info: Redefining '\cites'.
Package biblatex Info: Redefining '\parencites'.
Package biblatex Info: Redefining '\smartcites'.
)
Package biblatex Info: Trying to load configuration file...
Package biblatex Info: ... file 'biblatex.cfg' found.

(/usr/share/texlive/texmf-dist/tex/latex/biblatex/biblatex.cfg
File: biblatex.cfg 
)))
(/usr/share/texlive/texmf-dist/tex/latex/xcolor/xcolor.sty
Package: xcolor 2016/05/11 v2.12 LaTeX color extensions (UK)

(/usr/share/texlive/texmf-dist/tex/latex/graphics-cfg/color.cfg
File: color.cfg 2016/01/02 v1.6 sample color configuration
)
Package xcolor Info: Driver file: pdftex.def on input line 225.
Package xcolor Info: Model `cmy' substituted by `cmy0' on input line 1348.
Package xcolor Info: Model `hsb' substituted by `rgb' on input line 1352.
Package xcolor Info: Model `RGB' extended on input line 1364.
Package xcolor Info: Model `HTML' substituted by `rgb' on input line 1366.
Package xcolor Info: Model `Hsb' substituted by `hsb' on input line 1367.
Package xcolor Info: Model `tHsb' substituted by `hsb' on input line 1368.
Package xcolor Info: Model `HSB' substituted by `hsb' on input line 1369.
Package xcolor Info: Model `Gray' substituted by `gray' on input line 1370.
Package xcolor Info: Model `wave' substituted by `hsb' on input line 1371.
)
runsystem(which pygmentize && touch Variable_Scrutiny_Robotic_Coverage.aex)...e
xecuted.

runsystem(rm Variable_Scrutiny_Robotic_Coverage.aex)...executed.

Package biblatex Info: Trying to load language 'english'...
Package biblatex Info: ... file 'english.lbx' found.

(/usr/share/texlive/texmf-dist/tex/latex/biblatex/lbx/english.lbx
File: english.lbx 2017/12/19 v3.10 biblatex localization (PK/JW/AB)
)
\@quotelevel=\count373
\@quotereset=\count374

(./Variable_Scrutiny_Robotic_Coverage.aux)
\openout1 = `Variable_Scrutiny_Robotic_Coverage.aux'.

LaTeX Font Info:    Checking defaults for OML/cmm/m/it on input line 6.
LaTeX Font Info:    ... okay on input line 6.
LaTeX Font Info:    Checking defaults for T1/cmr/m/n on input line 6.
LaTeX Font Info:    ... okay on input line 6.
LaTeX Font Info:    Checking defaults for OT1/cmr/m/n on input line 6.
LaTeX Font Info:    ... okay on input line 6.
LaTeX Font Info:    Checking defaults for OMS/cmsy/m/n on input line 6.
LaTeX Font Info:    ... okay on input line 6.
LaTeX Font Info:    Checking defaults for OMX/cmex/m/n on input line 6.
LaTeX Font Info:    ... okay on input line 6.
LaTeX Font Info:    Checking defaults for U/cmr/m/n on input line 6.
LaTeX Font Info:    ... okay on input line 6.
LaTeX Font Info:    Checking defaults for PD1/pdf/m/n on input line 6.
LaTeX Font Info:    ... okay on input line 6.

*geometry* driver: auto-detecting
*geometry* detected driver: pdftex
*geometry* verbose mode - [ preamble ] result:
* driver: pdftex
* paper: letterpaper
* layout: <same size as paper>
* layoutoffset:(h,v)=(0.0pt,0.0pt)
* modes: 
* h-part:(L,W,R)=(108.405pt, 397.485pt, 108.405pt)
* v-part:(T,H,B)=(72.26999pt, 650.43001pt, 72.26999pt)
* \paperwidth=614.295pt
* \paperheight=794.96999pt
* \textwidth=397.485pt
* \textheight=650.43001pt
* \oddsidemargin=36.13501pt
* \evensidemargin=36.13501pt
* \topmargin=-37.0pt
* \headheight=12.0pt
* \headsep=25.0pt
* \topskip=12.0pt
* \footskip=30.0pt
* \marginparwidth=44.0pt
* \marginparsep=10.0pt
* \columnsep=10.0pt
* \skip\footins=10.8pt plus 4.0pt minus 2.0pt
* \hoffset=0.0pt
* \voffset=0.0pt
* \mag=1000
* \@twocolumnfalse
* \@twosidefalse
* \@mparswitchfalse
* \@reversemarginfalse
* (1in=72.27pt=25.4mm, 1cm=28.453pt)

(/usr/share/texlive/texmf-dist/tex/latex/fmtcount/fc-english.def
File: fc-english.def 2016/01/12
)
(/usr/share/texlive/texmf-dist/tex/latex/base/textcomp.sty
Package: textcomp 2017/04/05 v2.0i Standard LaTeX package
Package textcomp Info: Sub-encoding information:
(textcomp)               5 = only ISO-Adobe without \textcurrency
(textcomp)               4 = 5 + \texteuro
(textcomp)               3 = 4 + \textohm
(textcomp)               2 = 3 + \textestimated + \textcurrency
(textcomp)               1 = TS1 - \textcircled - \t
(textcomp)               0 = TS1 (full)
(textcomp)             Font families with sub-encoding setting implement
(textcomp)             only a restricted character set as indicated.
(textcomp)             Family '?' is the default used for unknown fonts.
(textcomp)             See the documentation for details.
Package textcomp Info: Setting ? sub-encoding to TS1/1 on input line 79.

(/usr/share/texlive/texmf-dist/tex/latex/base/ts1enc.def
File: ts1enc.def 2001/06/05 v3.0e (jk/car/fm) Standard LaTeX file
)
LaTeX Info: Redefining \oldstylenums on input line 334.
Package textcomp Info: Setting cmr sub-encoding to TS1/0 on input line 349.
Package textcomp Info: Setting cmss sub-encoding to TS1/0 on input line 350.
Package textcomp Info: Setting cmtt sub-encoding to TS1/0 on input line 351.
Package textcomp Info: Setting cmvtt sub-encoding to TS1/0 on input line 352.
Package textcomp Info: Setting cmbr sub-encoding to TS1/0 on input line 353.
Package textcomp Info: Setting cmtl sub-encoding to TS1/0 on input line 354.
Package textcomp Info: Setting ccr sub-encoding to TS1/0 on input line 355.
Package textcomp Info: Setting ptm sub-encoding to TS1/4 on input line 356.
Package textcomp Info: Setting pcr sub-encoding to TS1/4 on input line 357.
Package textcomp Info: Setting phv sub-encoding to TS1/4 on input line 358.
Package textcomp Info: Setting ppl sub-encoding to TS1/3 on input line 359.
Package textcomp Info: Setting pag sub-encoding to TS1/4 on input line 360.
Package textcomp Info: Setting pbk sub-encoding to TS1/4 on input line 361.
Package textcomp Info: Setting pnc sub-encoding to TS1/4 on input line 362.
Package textcomp Info: Setting pzc sub-encoding to TS1/4 on input line 363.
Package textcomp Info: Setting bch sub-encoding to TS1/4 on input line 364.
Package textcomp Info: Setting put sub-encoding to TS1/5 on input line 365.
Package textcomp Info: Setting uag sub-encoding to TS1/5 on input line 366.
Package textcomp Info: Setting ugq sub-encoding to TS1/5 on input line 367.
Package textcomp Info: Setting ul8 sub-encoding to TS1/4 on input line 368.
Package textcomp Info: Setting ul9 sub-encoding to TS1/4 on input line 369.
Package textcomp Info: Setting augie sub-encoding to TS1/5 on input line 370.
Package textcomp Info: Setting dayrom sub-encoding to TS1/3 on input line 371.
Package textcomp Info: Setting dayroms sub-encoding to TS1/3 on input line 372.

Package textcomp Info: Setting pxr sub-encoding to TS1/0 on input line 373.
Package textcomp Info: Setting pxss sub-encoding to TS1/0 on input line 374.
Package textcomp Info: Setting pxtt sub-encoding to TS1/0 on input line 375.
Package textcomp Info: Setting txr sub-encoding to TS1/0 on input line 376.
Package textcomp Info: Setting txss sub-encoding to TS1/0 on input line 377.
Package textcomp Info: Setting txtt sub-encoding to TS1/0 on input line 378.
Package textcomp Info: Setting lmr sub-encoding to TS1/0 on input line 379.
Package textcomp Info: Setting lmdh sub-encoding to TS1/0 on input line 380.
Package textcomp Info: Setting lmss sub-encoding to TS1/0 on input line 381.
Package textcomp Info: Setting lmssq sub-encoding to TS1/0 on input line 382.
Package textcomp Info: Setting lmvtt sub-encoding to TS1/0 on input line 383.
Package textcomp Info: Setting lmtt sub-encoding to TS1/0 on input line 384.
Package textcomp Info: Setting qhv sub-encoding to TS1/0 on input line 385.
Package textcomp Info: Setting qag sub-encoding to TS1/0 on input line 386.
Package textcomp Info: Setting qbk sub-encoding to TS1/0 on input line 387.
Package textcomp Info: Setting qcr sub-encoding to TS1/0 on input line 388.
Package textcomp Info: Setting qcs sub-encoding to TS1/0 on input line 389.
Package textcomp Info: Setting qpl sub-encoding to TS1/0 on input line 390.
Package textcomp Info: Setting qtm sub-encoding to TS1/0 on input line 391.
Package textcomp Info: Setting qzc sub-encoding to TS1/0 on input line 392.
Package textcomp Info: Setting qhvc sub-encoding to TS1/0 on input line 393.
Package textcomp Info: Setting futs sub-encoding to TS1/4 on input line 394.
Package textcomp Info: Setting futx sub-encoding to TS1/4 on input line 395.
Package textcomp Info: Setting futj sub-encoding to TS1/4 on input line 396.
Package textcomp Info: Setting hlh sub-encoding to TS1/3 on input line 397.
Package textcomp Info: Setting hls sub-encoding to TS1/3 on input line 398.
Package textcomp Info: Setting hlst sub-encoding to TS1/3 on input line 399.
Package textcomp Info: Setting hlct sub-encoding to TS1/5 on input line 400.
Package textcomp Info: Setting hlx sub-encoding to TS1/5 on input line 401.
Package textcomp Info: Setting hlce sub-encoding to TS1/5 on input line 402.
Package textcomp Info: Setting hlcn sub-encoding to TS1/5 on input line 403.
Package textcomp Info: Setting hlcw sub-encoding to TS1/5 on input line 404.
Package textcomp Info: Setting hlcf sub-encoding to TS1/5 on input line 405.
Package textcomp Info: Setting pplx sub-encoding to TS1/3 on input line 406.
Package textcomp Info: Setting pplj sub-encoding to TS1/3 on input line 407.
Package textcomp Info: Setting ptmx sub-encoding to TS1/4 on input line 408.
Package textcomp Info: Setting ptmj sub-encoding to TS1/4 on input line 409.
)
\c@lstlisting=\count375

(/usr/share/texlive/texmf-dist/tex/context/base/mkii/supp-pdf.mkii
[Loading MPS to PDF converter (version 2006.09.02).]
\scratchcounter=\count376
\scratchdimen=\dimen153
\scratchbox=\box39
\nofMPsegments=\count377
\nofMParguments=\count378
\everyMPshowfont=\toks30
\MPscratchCnt=\count379
\MPscratchDim=\dimen154
\MPnumerator=\count380
\makeMPintoPDFobject=\count381
\everyMPtoPDFconversion=\toks31
) (/usr/share/texlive/texmf-dist/tex/latex/oberdiek/epstopdf-base.sty
Package: epstopdf-base 2016/05/15 v2.6 Base part for package epstopdf

(/usr/share/texlive/texmf-dist/tex/latex/oberdiek/grfext.sty
Package: grfext 2016/05/16 v1.2 Manage graphics extensions (HO)
)
Package epstopdf-base Info: Redefining graphics rule for `.eps' on input line 4
38.
Package grfext Info: Graphics extension search list:
(grfext)             [.pdf,.png,.jpg,.mps,.jpeg,.jbig2,.jb2,.PDF,.PNG,.JPG,.JPE
G,.JBIG2,.JB2,.eps]
(grfext)             \AppendGraphicsExtensions on input line 456.

(/usr/share/texlive/texmf-dist/tex/latex/latexconfig/epstopdf-sys.cfg
File: epstopdf-sys.cfg 2010/07/13 v1.3 Configuration of (r)epstopdf for TeX Liv
e
))
Package caption Info: Begin \AtBeginDocument code.
Package caption Info: hyperref package is loaded.
Package caption Info: End \AtBeginDocument code.
\AtBeginShipoutBox=\box40
Package hyperref Info: Link coloring ON on input line 6.

(/usr/share/texlive/texmf-dist/tex/latex/hyperref/nameref.sty
Package: nameref 2016/05/21 v2.44 Cross-referencing by name of section

(/usr/share/texlive/texmf-dist/tex/generic/oberdiek/gettitlestring.sty
Package: gettitlestring 2016/05/16 v1.5 Cleanup title references (HO)
)
\c@section@level=\count382
)
LaTeX Info: Redefining \ref on input line 6.
LaTeX Info: Redefining \pageref on input line 6.
LaTeX Info: Redefining \nameref on input line 6.

(./Variable_Scrutiny_Robotic_Coverage.out)
(./Variable_Scrutiny_Robotic_Coverage.out)
\@outlinefile=\write7
\openout7 = `Variable_Scrutiny_Robotic_Coverage.out'.

Package biblatex Info: No input encoding detected.
(biblatex)             Assuming 'ascii'.
Package biblatex Info: Data encoding 'utf8' specified.
(biblatex)             Backend will reencode on the fly.
\openout6 = `Variable_Scrutiny_Robotic_Coverage.bcf'.

Package biblatex Info: Trying to load bibliographic data...
Package biblatex Info: ... file 'Variable_Scrutiny_Robotic_Coverage.bbl' found.


(./Variable_Scrutiny_Robotic_Coverage.bbl

Package biblatex Warning: Biber reported the following issues
(biblatex)                with 'Kurabayashi':
(biblatex)                - Name "D. Kurabayashi, J. Ota, T. Arai, S. Ichikawa,
 S. Koga, H. Asama," has too many commas: skipping name.


Package biblatex Warning: Biber reported the following issues
(biblatex)                with 'Zheng':
(biblatex)                - Name "X. Zheng, S. Jain, S. Koenig," has too many c
ommas: skipping name.


Package biblatex Warning: Biber reported the following issues
(biblatex)                with 'Prettyprinter':
(biblatex)                - Name "P.Wadler, D. Leijen, M. Bolingbroke, E. Kmett
, D. Luposchainsky" has too many commas: skipping name.

)
Package biblatex Info: Reference section=0 on input line 6.
Package biblatex Info: Reference segment=0 on input line 6.
 (./0_FrontMatter.tex
LaTeX Font Info:    Try loading font information for OT1+ztmcm on input line 8.


(/usr/share/texlive/texmf-dist/tex/latex/psnfss/ot1ztmcm.fd
File: ot1ztmcm.fd 2000/01/03 Fontinst v1.801 font definitions for OT1/ztmcm.
)
LaTeX Font Info:    Try loading font information for OML+ztmcm on input line 8.


(/usr/share/texlive/texmf-dist/tex/latex/psnfss/omlztmcm.fd
File: omlztmcm.fd 2000/01/03 Fontinst v1.801 font definitions for OML/ztmcm.
)
LaTeX Font Info:    Try loading font information for OMS+ztmcm on input line 8.


(/usr/share/texlive/texmf-dist/tex/latex/psnfss/omsztmcm.fd
File: omsztmcm.fd 2000/01/03 Fontinst v1.801 font definitions for OMS/ztmcm.
)
LaTeX Font Info:    Try loading font information for OMX+ztmcm on input line 8.


(/usr/share/texlive/texmf-dist/tex/latex/psnfss/omxztmcm.fd
File: omxztmcm.fd 2000/01/03 Fontinst v1.801 font definitions for OMX/ztmcm.
)
LaTeX Font Info:    Font shape `OT1/ptm/bx/n' in size <14.4> not available
(Font)              Font shape `OT1/ptm/b/n' tried instead on input line 8.
LaTeX Font Info:    Font shape `OT1/ptm/bx/n' in size <10.95> not available
(Font)              Font shape `OT1/ptm/b/n' tried instead on input line 8.
LaTeX Font Info:    Font shape `OT1/ptm/bx/n' in size <8> not available
(Font)              Font shape `OT1/ptm/b/n' tried instead on input line 8.
 [1

{/var/lib/texmf/fonts/map/pdftex/updmap/pdftex.map}]
LaTeX Font Info:    Font shape `OT1/ptm/bx/n' in size <24.88> not available
(Font)              Font shape `OT1/ptm/b/n' tried instead on input line 9.
 (./Variable_Scrutiny_Robotic_Coverage.toc
LaTeX Font Info:    Font shape `OT1/ptm/bx/n' in size <12> not available
(Font)              Font shape `OT1/ptm/b/n' tried instead on input line 3.
LaTeX Font Info:    Font shape `OT1/ptm/bx/n' in size <9> not available
(Font)              Font shape `OT1/ptm/b/n' tried instead on input line 5.
LaTeX Font Info:    Font shape `OT1/ptm/bx/n' in size <7> not available
(Font)              Font shape `OT1/ptm/b/n' tried instead on input line 5.

[2

] [3])
\tf@toc=\write8
\openout8 = `Variable_Scrutiny_Robotic_Coverage.toc'.

 [4] (./Variable_Scrutiny_Robotic_Coverage.lot)
\tf@lot=\write9
\openout9 = `Variable_Scrutiny_Robotic_Coverage.lot'.

 [5

]
(./Variable_Scrutiny_Robotic_Coverage.lof)
\tf@lof=\write10
\openout10 = `Variable_Scrutiny_Robotic_Coverage.lof'.

 [6

] [7]) (./1_Introduction.tex
Chapter 1.
LaTeX Font Info:    Font shape `OT1/ptm/bx/n' in size <17.28> not available
(Font)              Font shape `OT1/ptm/b/n' tried instead on input line 7.
[1

] [2]
<./images/boustrophedonSplit.png, id=382, 479.7925pt x 351.3125pt>
File: ./images/boustrophedonSplit.png Graphic file (type png)
<use ./images/boustrophedonSplit.png>
Package pdftex.def Info: ./images/boustrophedonSplit.png  used on input line 23
.
(pdftex.def)             Requested size: 99.37125pt x 72.75928pt.
<./images/boustrophedonCombine.png, id=383, 487.8225pt x 352.31625pt>
File: ./images/boustrophedonCombine.png Graphic file (type png)
<use ./images/boustrophedonCombine.png>
Package pdftex.def Info: ./images/boustrophedonCombine.png  used on input line 
28.
(pdftex.def)             Requested size: 99.37125pt x 71.76297pt.

Overfull \hbox (2.28001pt too wide) in paragraph at lines 21--31
[]$[]$ $[]$ 
 []

[3 <./images/boustrophedonSplit.png> <./images/boustrophedonCombine.png>]
<./images/gridAndSpanningTree.png, id=392, 1425.325pt x 645.41125pt>
File: ./images/gridAndSpanningTree.png Graphic file (type png)
<use ./images/gridAndSpanningTree.png>
Package pdftex.def Info: ./images/gridAndSpanningTree.png  used on input line 3
9.
(pdftex.def)             Requested size: 397.485pt x 179.98515pt.

[4 <./images/gridAndSpanningTree.png>]
<./images/spanningTreeWithPath.png, id=402, 1161.33875pt x 621.32124pt>
File: ./images/spanningTreeWithPath.png Graphic file (type png)
<use ./images/spanningTreeWithPath.png>
Package pdftex.def Info: ./images/spanningTreeWithPath.png  used on input line 
48.
(pdftex.def)             Requested size: 397.485pt x 212.65903pt.
 [5 <./images/spanningTreeWithPath.png>]
<./images/motionPermutations.png, id=412, 1600.98125pt x 760.8425pt>
File: ./images/motionPermutations.png Graphic file (type png)
<use ./images/motionPermutations.png>
Package pdftex.def Info: ./images/motionPermutations.png  used on input line 57
.
(pdftex.def)             Requested size: 397.485pt x 188.89828pt.

[6] [7 <./images/motionPermutations.png>]
<./images/pathDeformationsScanSTC.png, id=428, 3104.59875pt x 1656.1875pt>
File: ./images/pathDeformationsScanSTC.png Graphic file (type png)
<use ./images/pathDeformationsScanSTC.png>
Package pdftex.def Info: ./images/pathDeformationsScanSTC.png  used on input li
ne 66.
(pdftex.def)             Requested size: 397.485pt x 212.02666pt.
 [8 <./images/pathDeformationsScanSTC.png>] [9]
<./images/mstcPathFollowing.png, id=444, 446.66875pt x 444.66125pt>
File: ./images/mstcPathFollowing.png Graphic file (type png)
<use ./images/mstcPathFollowing.png>
Package pdftex.def Info: ./images/mstcPathFollowing.png  used on input line 87.

(pdftex.def)             Requested size: 198.7425pt x 197.84988pt.
 [10 <./images/mstcPathFollowing.png>]
<./images/mfcBreakdown.png, id=456, 2706.11pt x 904.37875pt>
File: ./images/mfcBreakdown.png Graphic file (type png)
<use ./images/mfcBreakdown.png>
Package pdftex.def Info: ./images/mfcBreakdown.png  used on input line 96.
(pdftex.def)             Requested size: 397.485pt x 132.83582pt.
 [11 <./images/mfcBreakdown.png>] [12] [13] [14] [15] [16] [17] [18] [19]
<./images/badOdometryMap.png, id=509, 522.95375pt x 521.95pt>
File: ./images/badOdometryMap.png Graphic file (type png)
<use ./images/badOdometryMap.png>
Package pdftex.def Info: ./images/badOdometryMap.png  used on input line 169.
(pdftex.def)             Requested size: 119.2467pt x 119.01857pt.
<./images/correctedOdometryMap.png, id=510, 521.95pt x 518.93875pt>
File: ./images/correctedOdometryMap.png Graphic file (type png)
<use ./images/correctedOdometryMap.png>
Package pdftex.def Info: ./images/correctedOdometryMap.png  used on input line 
174.
(pdftex.def)             Requested size: 119.2467pt x 118.55365pt.

Overfull \hbox (2.28001pt too wide) in paragraph at lines 167--177
[]$[]$ $[]$ 
 []

[20] [21 <./images/badOdometryMap.png (PNG copy)> <./images/correctedOdometryMa
p.png (PNG copy)>]
Overfull \hbox (4.9433pt too wide) in paragraph at lines 190--191
\OT1/ptm/m/n/12 As has been stated through-out this in-tro-duc-tion, the fol-lo
w-ing work ad-dresses robotic
 []

[22]) (./2_Simulation_Development.tex [23]
Chapter 2.
<./images/samplePic.png, id=538, 2340.745pt x 1953.2975pt>
File: ./images/samplePic.png Graphic file (type png)
<use ./images/samplePic.png>
Package pdftex.def Info: ./images/samplePic.png  used on input line 12.
(pdftex.def)             Requested size: 397.485pt x 331.66872pt.
[24

] [25 <./images/samplePic.png>] [26]
\openout3 = `Variable_Scrutiny_Robotic_Coverage.pyg'.


(./_minted-Variable_Scrutiny_Robotic_Coverage/default-pyg-prefix.pygstyle)
(./_minted-Variable_Scrutiny_Robotic_Coverage/xcode.pygstyle)
(./_minted-Variable_Scrutiny_Robotic_Coverage/C03457F3F3CEA101F7ADB79DBC5EAF706
6F9C0DC1F072E339389F6A074BC317D.pygtex)
\openout3 = `Variable_Scrutiny_Robotic_Coverage.pyg'.


(./_minted-Variable_Scrutiny_Robotic_Coverage/2FB28A2086723651E7F00581D200FCAF6
6F9C0DC1F072E339389F6A074BC317D.pygtex)
\openout3 = `Variable_Scrutiny_Robotic_Coverage.pyg'.


(./_minted-Variable_Scrutiny_Robotic_Coverage/DEB7F02A0DD8E8718B5FDACFEBE2E2DC6
6F9C0DC1F072E339389F6A074BC317D.pygtex [27])
\openout3 = `Variable_Scrutiny_Robotic_Coverage.pyg'.


(./_minted-Variable_Scrutiny_Robotic_Coverage/0EEA2215408A707B77693FA38D0F90056
6F9C0DC1F072E339389F6A074BC317D.pygtex)
\openout3 = `Variable_Scrutiny_Robotic_Coverage.pyg'.


(./_minted-Variable_Scrutiny_Robotic_Coverage/B7EAC28B7F6FEA0F9F49D42B77C2A30C6
6F9C0DC1F072E339389F6A074BC317D.pygtex)
\openout3 = `Variable_Scrutiny_Robotic_Coverage.pyg'.


(./_minted-Variable_Scrutiny_Robotic_Coverage/D745A633F4D11ACB5DF79441E5AC2E816
6F9C0DC1F072E339389F6A074BC317D.pygtex) [28]
\openout3 = `Variable_Scrutiny_Robotic_Coverage.pyg'.


(./_minted-Variable_Scrutiny_Robotic_Coverage/9C493DA5B2E10023FFD41F5A70FDCFB46
6F9C0DC1F072E339389F6A074BC317D.pygtex) [29]
\openout3 = `Variable_Scrutiny_Robotic_Coverage.pyg'.


(./_minted-Variable_Scrutiny_Robotic_Coverage/816242DE01DC0F07FFE2A8503F154A7B6
6F9C0DC1F072E339389F6A074BC317D.pygtex)
\openout3 = `Variable_Scrutiny_Robotic_Coverage.pyg'.


(./_minted-Variable_Scrutiny_Robotic_Coverage/186F4A84295E29398041EDA23F8F0DD06
6F9C0DC1F072E339389F6A074BC317D.pygtex) [30]
\openout3 = `Variable_Scrutiny_Robotic_Coverage.pyg'.


(./_minted-Variable_Scrutiny_Robotic_Coverage/B03A7F47F8C53CAD7D9B5ABDA8C464016
6F9C0DC1F072E339389F6A074BC317D.pygtex) [31]
Overfull \hbox (2.40771pt too wide) in paragraph at lines 136--137
[]\OT1/ptm/m/n/12 The sim-plest en-vi-ron-ment gen-er-a-tion al-go-rithm to de-
scribe is called the \OT1/ptm/m/it/12 Bernoul-
 []

[32]
\openout3 = `Variable_Scrutiny_Robotic_Coverage.pyg'.


(./_minted-Variable_Scrutiny_Robotic_Coverage/4AC63B4AC6C02B9C987F8A4372BBD1396
6F9C0DC1F072E339389F6A074BC317D.pygtex) [33] [34] [35]
\openout3 = `Variable_Scrutiny_Robotic_Coverage.pyg'.


(./_minted-Variable_Scrutiny_Robotic_Coverage/56F70C6A1711B8EA455CD33B152A7E626
6F9C0DC1F072E339389F6A074BC317D.pygtex [36])
Overfull \hbox (57.3569pt too wide) in paragraph at lines 197--198
[]\OT1/ptm/m/n/12 The func-tion that steps sim-u-la-tions for-ward in time take
s any [][]\OT1/cmtt/m/n/12 (Policy p => Scenario p)
 []

\openout3 = `Variable_Scrutiny_Robotic_Coverage.pyg'.


(./_minted-Variable_Scrutiny_Robotic_Coverage/0900D33BDD2EC2BF8843C68C15B0C5166
6F9C0DC1F072E339389F6A074BC317D.pygtex) [37] [38] [39]
<./images/visualizationDemo.png, id=613, 2738.23pt x 1455.4375pt>
File: ./images/visualizationDemo.png Graphic file (type png)
<use ./images/visualizationDemo.png>
Package pdftex.def Info: ./images/visualizationDemo.png  used on input line 226
.
(pdftex.def)             Requested size: 397.485pt x 211.26622pt.
 [40] [41 <./images/visualizationDemo.png>] [42] [43] [44]
\openout3 = `Variable_Scrutiny_Robotic_Coverage.pyg'.


(./_minted-Variable_Scrutiny_Robotic_Coverage/3F7455C7D1388784A490BB03F0689F766
6F9C0DC1F072E339389F6A074BC317D.pygtex)
\openout3 = `Variable_Scrutiny_Robotic_Coverage.pyg'.


(./_minted-Variable_Scrutiny_Robotic_Coverage/3A1D5E12763F183A7ED3079394AD2C6B6
6F9C0DC1F072E339389F6A074BC317D.pygtex) [45]) (./3_Simple_Coverage_Policies.tex
[46]
Chapter 3.
<./images/ex3Init.png, id=646, 2973.1075pt x 1369.115pt>
File: ./images/ex3Init.png Graphic file (type png)
<use ./images/ex3Init.png>
Package pdftex.def Info: ./images/ex3Init.png  used on input line 14.
(pdftex.def)             Requested size: 397.485pt x 183.02592pt.
[47

]
<./images/3Middle1.png, id=652, 1284.8pt x 1369.115pt>
File: ./images/3Middle1.png Graphic file (type png)
<use ./images/3Middle1.png>
Package pdftex.def Info: ./images/3Middle1.png  used on input line 26.
(pdftex.def)             Requested size: 198.7425pt x 211.77191pt.
 [48 <./images/ex3Init.png>]
<./images/3Middle2.png, id=659, 1276.77pt x 1361.085pt>
File: ./images/3Middle2.png Graphic file (type png)
<use ./images/3Middle2.png>
Package pdftex.def Info: ./images/3Middle2.png  used on input line 35.
(pdftex.def)             Requested size: 198.7425pt x 211.85904pt.
 [49 <./images/3Middle1.png>]
<./images/ex3-1-final.png, id=665, 3187.91pt x 1529.715pt>
File: ./images/ex3-1-final.png Graphic file (type png)
<use ./images/ex3-1-final.png>
Package pdftex.def Info: ./images/ex3-1-final.png  used on input line 42.
(pdftex.def)             Requested size: 397.485pt x 190.72372pt.
 [50 <./images/3Middle2.png> <./images/ex3-1-final.png>]
<./images/PrefLowEnv.png, id=673, 1395.2125pt x 224.84pt>
File: ./images/PrefLowEnv.png Graphic file (type png)
<use ./images/PrefLowEnv.png>
Package pdftex.def Info: ./images/PrefLowEnv.png  used on input line 60.
(pdftex.def)             Requested size: 397.485pt x 64.05605pt.
 [51]
<./images/microBlue.png, id=678, 1218.5525pt x 1306.8825pt>
File: ./images/microBlue.png Graphic file (type png)
<use ./images/microBlue.png>
Package pdftex.def Info: ./images/microBlue.png  used on input line 77.
(pdftex.def)             Requested size: 99.37125pt x 106.56682pt.
<./images/microGreen.png, id=679, 1208.515pt x 1296.845pt>
File: ./images/microGreen.png Graphic file (type png)
<use ./images/microGreen.png>
Package pdftex.def Info: ./images/microGreen.png  used on input line 82.
(pdftex.def)             Requested size: 99.37125pt x 106.619pt.

Overfull \hbox (2.28001pt too wide) in paragraph at lines 75--85
[]$[]$ $[]$ 
 []

[52 <./images/PrefLowEnv.png>] [53 <./images/microBlue.png> <./images/microGree
n.png>] [54]
<./images/OnWayToCorner.png, id=698, 2828.5675pt x 1911.14pt>
File: ./images/OnWayToCorner.png Graphic file (type png)
<use ./images/OnWayToCorner.png>
Package pdftex.def Info: ./images/OnWayToCorner.png  used on input line 121.
(pdftex.def)             Requested size: 397.485pt x 268.54927pt.
 [55] [56 <./images/OnWayToCorner.png>] [57] [58]
Overfull \hbox (1.52339pt too wide) in paragraph at lines 151--152
\OT1/ptm/m/n/12 The ne-ces-sity of tak-ing oc-ca-sional de-tours from the cur-r
ently pur-sued col-umn brings
 []

[59] [60]) [61] (./4_Intelligent_Coverage_Policies.tex [62]
Chapter 4.
[63

] [64] [65] [66] [67] [68] [69] [70] [71] [72] [73]
Overfull \hbox (1.77223pt too wide) in paragraph at lines 75--76
[]\OT1/ptm/m/n/12 The breadth-first search ap-proach to span-ning tree cre-atio
n yields a much cleaner
 []

[74] [75]) [76] (./5_Conclusion.tex [77]
Chapter 5.
[78

]
Overfull \hbox (13.68935pt too wide) in paragraph at lines 12--12
[]\OT1/ptm/b/n/17.28 Performance Com-par-i-son on Sim-ple En-vi-ron-ments 
 []

[79] [80] [81] [82] [83] [84] [85]) [86] [87]
Overfull \hbox (1.40166pt too wide) in paragraph at lines 28--28
\OT1/ptm/m/n/12 In: \OT1/ptm/m/it/12 The In-ter-na-tional Jour-nal of Robotics 
Re-search \OT1/ptm/m/n/12 22.8 (July 2003), pp. 441{
 []

[88

]
Overfull \hbox (3.99579pt too wide) in paragraph at lines 28--28
[]\OT1/ptm/m/n/12 N. Ha-zon and G. Kaminka. ``Re-dun-dancy, Ef-fi-ciency and Ro
-bust-ness in Multi-
 []

[89]

Package biblatex Warning: No driver for entry type 'software'.
(biblatex)                Using fallback driver on input line 25.


Overfull \hbox (2.68716pt too wide) in paragraph at lines 28--28
[]\OT1/ptm/m/n/12 Ralf Hinze. \OT1/ptm/m/it/12 PSQueue\OT1/ptm/m/n/12 . Ver-sio
n 1.1.0.1. Dec. 9, 2019. \OT1/ptm/m/sc/12 url\OT1/ptm/m/n/12 : [][]$\OT1/cmtt/m
/n/12 https : / / github .
 []


Overfull \hbox (13.24414pt too wide) in paragraph at lines 28--28
[]\OT1/ptm/m/n/12 B. Hughes. ``A Nav-i-ga-tion Sub-sys-tem for an Au-tonomous R
obot Lawn Mower''.
 []


Package biblatex Warning: No driver for entry type 'software'.
(biblatex)                Using fallback driver on input line 25.


Package biblatex Warning: No driver for entry type 'software'.
(biblatex)                Using fallback driver on input line 25.


Overfull \hbox (8.50858pt too wide) in paragraph at lines 28--28
[]\OT1/ptm/m/n/12 Roman Leshchin-skiy. \OT1/ptm/m/it/12 Data.Vector\OT1/ptm/m/n
/12 . Ver-sion 0.12.0.3. Dec. 9, 2019. \OT1/ptm/m/sc/12 url\OT1/ptm/m/n/12 : []
[]$\OT1/cmtt/m/n/12 http :
 []


Package biblatex Warning: No driver for entry type 'software'.
(biblatex)                Using fallback driver on input line 25.


Package biblatex Warning: No driver for entry type 'software'.
(biblatex)                Using fallback driver on input line 25.


Package biblatex Warning: No driver for entry type 'software'.
(biblatex)                Using fallback driver on input line 25.

[90]

Package biblatex Warning: No driver for entry type 'software'.
(biblatex)                Using fallback driver on input line 25.


Package biblatex Warning: No driver for entry type 'software'.
(biblatex)                Using fallback driver on input line 25.

Package atveryend Info: Empty hook `BeforeClearDocument' on input line 30.
[91]
Package atveryend Info: Empty hook `AfterLastShipout' on input line 30.
 (./Variable_Scrutiny_Robotic_Coverage.aux)
Package atveryend Info: Executing hook `AtVeryEndDocument' on input line 30.
Package atveryend Info: Executing hook `AtEndAfterFileList' on input line 30.
Package rerunfilecheck Info: File `Variable_Scrutiny_Robotic_Coverage.out' has 
not changed.
(rerunfilecheck)             Checksum: 9D765A05451AC063AFE166D254AFE8CC;4384.
runsystem(rm Variable_Scrutiny_Robotic_Coverage.pyg)...executed.

Package logreq Info: Writing requests to 'Variable_Scrutiny_Robotic_Coverage.ru
n.xml'.
\openout1 = `Variable_Scrutiny_Robotic_Coverage.run.xml'.

 ) 
Here is how much of TeX's memory you used:
 20188 strings out of 492982
 348074 string characters out of 6134896
 830022 words of memory out of 5000000
 23158 multiletter control sequences out of 15000+600000
 44656 words of font info for 87 fonts, out of 8000000 for 9000
 1141 hyphenation exceptions out of 8191
 55i,8n,92p,2082b,1598s stack positions out of 5000i,500n,10000p,200000b,80000s
{/usr/share/texlive/texmf-dist/fonts/enc/dvips/base/8r.enc}</usr/share/texliv
e/texmf-dist/fonts/type1/public/amsfonts/cm/cmmi10.pfb></usr/share/texlive/texm
f-dist/fonts/type1/public/amsfonts/cm/cmr10.pfb></usr/share/texlive/texmf-dist/
fonts/type1/public/amsfonts/cm/cmsy10.pfb></usr/share/texlive/texmf-dist/fonts/
type1/public/amsfonts/cm/cmtt12.pfb></usr/share/texlive/texmf-dist/fonts/type1/
urw/times/utmb8a.pfb></usr/share/texlive/texmf-dist/fonts/type1/urw/times/utmr8
a.pfb></usr/share/texlive/texmf-dist/fonts/type1/urw/times/utmri8a.pfb>
Output written on Variable_Scrutiny_Robotic_Coverage.pdf (98 pages, 1680729 byt
es).
PDF statistics:
 971 PDF objects out of 1000 (max. 8388607)
 817 compressed objects within 9 object streams
 216 named destinations out of 1000 (max. 500000)
 549 words of extra memory for PDF output out of 10000 (max. 10000000)

